[2017-12-22 11:26:16] production.ERROR: Directory name must not be empty. {"exception":"[object] (RuntimeException(code: 0): Directory name must not be empty. at C:\\wamp\\www\\school\\vendor\\symfony\\finder\\Iterator\\RecursiveDirectoryIterator.php:52)
[stacktrace]
#0 C:\\wamp\\www\\school\\vendor\\symfony\\finder\\Iterator\\RecursiveDirectoryIterator.php(52): RecursiveDirectoryIterator->__construct('', 4096)
#1 C:\\wamp\\www\\school\\vendor\\symfony\\finder\\Finder.php(676): Symfony\\Component\\Finder\\Iterator\\RecursiveDirectoryIterator->__construct('', 4096, false)
#2 C:\\wamp\\www\\school\\vendor\\symfony\\finder\\Finder.php(564): Symfony\\Component\\Finder\\Finder->searchInDirectory('')
#3 C:\\wamp\\www\\school\\vendor\\laravel\\framework\\src\\Illuminate\\Foundation\\Bootstrap\\LoadConfiguration.php(87): Symfony\\Component\\Finder\\Finder->getIterator()
#4 C:\\wamp\\www\\school\\vendor\\laravel\\framework\\src\\Illuminate\\Foundation\\Bootstrap\\LoadConfiguration.php(64): Illuminate\\Foundation\\Bootstrap\\LoadConfiguration->getConfigurationFiles(Object(Illuminate\\Foundation\\Application))
#5 C:\\wamp\\www\\school\\vendor\\laravel\\framework\\src\\Illuminate\\Foundation\\Bootstrap\\LoadConfiguration.php(39): Illuminate\\Foundation\\Bootstrap\\LoadConfiguration->loadConfigurationFiles(Object(Illuminate\\Foundation\\Application), Object(Illuminate\\Config\\Repository))
#6 C:\\wamp\\www\\school\\vendor\\laravel\\framework\\src\\Illuminate\\Foundation\\Application.php(213): Illuminate\\Foundation\\Bootstrap\\LoadConfiguration->bootstrap(Object(Illuminate\\Foundation\\Application))
#7 C:\\wamp\\www\\school\\vendor\\laravel\\framework\\src\\Illuminate\\Foundation\\Console\\Kernel.php(296): Illuminate\\Foundation\\Application->bootstrapWith(Array)
#8 C:\\wamp\\www\\school\\vendor\\laravel\\framework\\src\\Illuminate\\Foundation\\Console\\Kernel.php(119): Illuminate\\Foundation\\Console\\Kernel->bootstrap()
#9 C:\\wamp\\www\\school\\artisan(37): Illuminate\\Foundation\\Console\\Kernel->handle(Object(Symfony\\Component\\Console\\Input\\ArgvInput), Object(Symfony\\Component\\Console\\Output\\ConsoleOutput))
#10 {main}
"} 
[2017-12-22 11:26:41] production.ERROR: Directory name must not be empty. {"exception":"[object] (RuntimeException(code: 0): Directory name must not be empty. at C:\\wamp\\www\\school\\vendor\\symfony\\finder\\Iterator\\RecursiveDirectoryIterator.php:52)
[stacktrace]
#0 C:\\wamp\\www\\school\\vendor\\symfony\\finder\\Iterator\\RecursiveDirectoryIterator.php(52): RecursiveDirectoryIterator->__construct('', 4096)
#1 C:\\wamp\\www\\school\\vendor\\symfony\\finder\\Finder.php(676): Symfony\\Component\\Finder\\Iterator\\RecursiveDirectoryIterator->__construct('', 4096, false)
#2 C:\\wamp\\www\\school\\vendor\\symfony\\finder\\Finder.php(564): Symfony\\Component\\Finder\\Finder->searchInDirectory('')
#3 C:\\wamp\\www\\school\\vendor\\laravel\\framework\\src\\Illuminate\\Foundation\\Bootstrap\\LoadConfiguration.php(87): Symfony\\Component\\Finder\\Finder->getIterator()
#4 C:\\wamp\\www\\school\\vendor\\laravel\\framework\\src\\Illuminate\\Foundation\\Bootstrap\\LoadConfiguration.php(64): Illuminate\\Foundation\\Bootstrap\\LoadConfiguration->getConfigurationFiles(Object(Illuminate\\Foundation\\Application))
#5 C:\\wamp\\www\\school\\vendor\\laravel\\framework\\src\\Illuminate\\Foundation\\Bootstrap\\LoadConfiguration.php(39): Illuminate\\Foundation\\Bootstrap\\LoadConfiguration->loadConfigurationFiles(Object(Illuminate\\Foundation\\Application), Object(Illuminate\\Config\\Repository))
#6 C:\\wamp\\www\\school\\vendor\\laravel\\framework\\src\\Illuminate\\Foundation\\Application.php(213): Illuminate\\Foundation\\Bootstrap\\LoadConfiguration->bootstrap(Object(Illuminate\\Foundation\\Application))
#7 C:\\wamp\\www\\school\\vendor\\laravel\\framework\\src\\Illuminate\\Foundation\\Console\\Kernel.php(296): Illuminate\\Foundation\\Application->bootstrapWith(Array)
#8 C:\\wamp\\www\\school\\vendor\\laravel\\framework\\src\\Illuminate\\Foundation\\Console\\Kernel.php(119): Illuminate\\Foundation\\Console\\Kernel->bootstrap()
#9 C:\\wamp\\www\\school\\artisan(37): Illuminate\\Foundation\\Console\\Kernel->handle(Object(Symfony\\Component\\Console\\Input\\ArgvInput), Object(Symfony\\Component\\Console\\Output\\ConsoleOutput))
#10 {main}
"} 
[2017-12-22 11:27:46] production.ERROR: Directory name must not be empty. {"exception":"[object] (RuntimeException(code: 0): Directory name must not be empty. at C:\\wamp\\www\\school\\vendor\\symfony\\finder\\Iterator\\RecursiveDirectoryIterator.php:52)
[stacktrace]
#0 C:\\wamp\\www\\school\\vendor\\symfony\\finder\\Iterator\\RecursiveDirectoryIterator.php(52): RecursiveDirectoryIterator->__construct('', 4096)
#1 C:\\wamp\\www\\school\\vendor\\symfony\\finder\\Finder.php(676): Symfony\\Component\\Finder\\Iterator\\RecursiveDirectoryIterator->__construct('', 4096, false)
#2 C:\\wamp\\www\\school\\vendor\\symfony\\finder\\Finder.php(564): Symfony\\Component\\Finder\\Finder->searchInDirectory('')
#3 C:\\wamp\\www\\school\\vendor\\laravel\\framework\\src\\Illuminate\\Foundation\\Bootstrap\\LoadConfiguration.php(87): Symfony\\Component\\Finder\\Finder->getIterator()
#4 C:\\wamp\\www\\school\\vendor\\laravel\\framework\\src\\Illuminate\\Foundation\\Bootstrap\\LoadConfiguration.php(64): Illuminate\\Foundation\\Bootstrap\\LoadConfiguration->getConfigurationFiles(Object(Illuminate\\Foundation\\Application))
#5 C:\\wamp\\www\\school\\vendor\\laravel\\framework\\src\\Illuminate\\Foundation\\Bootstrap\\LoadConfiguration.php(39): Illuminate\\Foundation\\Bootstrap\\LoadConfiguration->loadConfigurationFiles(Object(Illuminate\\Foundation\\Application), Object(Illuminate\\Config\\Repository))
#6 C:\\wamp\\www\\school\\vendor\\laravel\\framework\\src\\Illuminate\\Foundation\\Application.php(213): Illuminate\\Foundation\\Bootstrap\\LoadConfiguration->bootstrap(Object(Illuminate\\Foundation\\Application))
#7 C:\\wamp\\www\\school\\vendor\\laravel\\framework\\src\\Illuminate\\Foundation\\Console\\Kernel.php(296): Illuminate\\Foundation\\Application->bootstrapWith(Array)
#8 C:\\wamp\\www\\school\\vendor\\laravel\\framework\\src\\Illuminate\\Foundation\\Console\\Kernel.php(119): Illuminate\\Foundation\\Console\\Kernel->bootstrap()
#9 C:\\wamp\\www\\school\\artisan(37): Illuminate\\Foundation\\Console\\Kernel->handle(Object(Symfony\\Component\\Console\\Input\\ArgvInput), Object(Symfony\\Component\\Console\\Output\\ConsoleOutput))
#10 {main}
"} 
